2025-08-30 21:17:06 - src.core.risk_engine - INFO - Loaded 9 risk factors
2025-08-30 21:17:06 - src.core.risk_engine - INFO - Security data loaded
2025-08-30 21:17:06 - src.core.risk_engine - INFO - RiskEngine initialized
2025-08-30 21:17:06 - src.core.risk_engine - INFO - Loaded 9 risk factors
2025-08-30 21:17:06 - src.core.risk_engine - INFO - Security data loaded
2025-08-30 21:17:06 - src.core.risk_engine - INFO - RiskEngine initialized
2025-08-30 21:17:06 - src.core.risk_engine - INFO - Loaded 9 risk factors
2025-08-30 21:17:06 - src.core.risk_engine - INFO - Security data loaded
2025-08-30 21:17:06 - src.core.risk_engine - INFO - RiskEngine initialized
2025-08-30 21:17:06 - src.core.risk_engine - INFO - Loaded 9 risk factors
2025-08-30 21:17:06 - src.core.risk_engine - INFO - Security data loaded
2025-08-30 21:17:06 - src.core.risk_engine - INFO - RiskEngine initialized
2025-08-30 21:17:06 - src.core.risk_engine - INFO - Loaded 9 risk factors
2025-08-30 21:17:06 - src.core.risk_engine - INFO - Security data loaded
2025-08-30 21:17:06 - src.core.risk_engine - INFO - RiskEngine initialized
2025-08-30 21:17:06 - src.core.risk_engine - INFO - Loaded 9 risk factors
2025-08-30 21:17:06 - src.core.risk_engine - INFO - Security data loaded
2025-08-30 21:17:06 - src.core.risk_engine - INFO - RiskEngine initialized
2025-08-30 21:17:06 - src.core.risk_engine - INFO - Loaded 9 risk factors
2025-08-30 21:17:06 - src.core.risk_engine - INFO - Security data loaded
2025-08-30 21:17:06 - src.core.risk_engine - INFO - RiskEngine initialized
2025-08-30 21:17:06 - src.core.risk_engine - INFO - Loaded 9 risk factors
2025-08-30 21:17:06 - src.core.risk_engine - INFO - Security data loaded
2025-08-30 21:17:06 - src.core.risk_engine - INFO - RiskEngine initialized
2025-08-30 21:17:06 - src.core.risk_engine - INFO - Loaded 9 risk factors
2025-08-30 21:17:06 - src.core.risk_engine - INFO - Security data loaded
2025-08-30 21:17:06 - src.core.risk_engine - INFO - RiskEngine initialized
2025-08-30 21:17:06 - src.core.risk_engine - INFO - Loaded 9 risk factors
2025-08-30 21:17:06 - src.core.risk_engine - INFO - Security data loaded
2025-08-30 21:17:06 - src.core.risk_engine - INFO - RiskEngine initialized
2025-08-30 21:17:06 - src.core.risk_engine - INFO - Loaded 9 risk factors
2025-08-30 21:17:06 - src.core.risk_engine - INFO - Security data loaded
2025-08-30 21:17:06 - src.core.risk_engine - INFO - RiskEngine initialized
2025-08-30 21:17:06 - src.core.risk_engine - INFO - Loaded 9 risk factors
2025-08-30 21:17:06 - src.core.risk_engine - INFO - Security data loaded
2025-08-30 21:17:06 - src.core.risk_engine - INFO - RiskEngine initialized
2025-08-30 21:22:04 - src.core.risk_engine - INFO - Loaded 9 risk factors
2025-08-30 21:22:04 - src.core.risk_engine - INFO - Security data loaded
2025-08-30 21:22:04 - src.core.risk_engine - INFO - RiskEngine initialized
2025-08-30 21:22:04 - src.core.risk_engine - INFO - Loaded 9 risk factors
2025-08-30 21:22:04 - src.core.risk_engine - INFO - Security data loaded
2025-08-30 21:22:04 - src.core.risk_engine - INFO - RiskEngine initialized
2025-08-30 21:22:04 - src.core.risk_engine - INFO - Loaded 9 risk factors
2025-08-30 21:22:04 - src.core.risk_engine - INFO - Security data loaded
2025-08-30 21:22:04 - src.core.risk_engine - INFO - RiskEngine initialized
2025-08-30 21:22:04 - src.core.risk_engine - INFO - Loaded 9 risk factors
2025-08-30 21:22:04 - src.core.risk_engine - INFO - Security data loaded
2025-08-30 21:22:04 - src.core.risk_engine - INFO - RiskEngine initialized
2025-08-30 21:22:04 - src.core.risk_engine - INFO - Loaded 9 risk factors
2025-08-30 21:22:04 - src.core.risk_engine - INFO - Security data loaded
2025-08-30 21:22:04 - src.core.risk_engine - INFO - RiskEngine initialized
2025-08-30 21:22:04 - src.core.risk_engine - INFO - Loaded 9 risk factors
2025-08-30 21:22:04 - src.core.risk_engine - INFO - Security data loaded
2025-08-30 21:22:04 - src.core.risk_engine - INFO - RiskEngine initialized
2025-08-30 21:22:04 - src.core.risk_engine - INFO - Loaded 9 risk factors
2025-08-30 21:22:04 - src.core.risk_engine - INFO - Security data loaded
2025-08-30 21:22:04 - src.core.risk_engine - INFO - RiskEngine initialized
2025-08-30 21:22:04 - src.core.risk_engine - INFO - Loaded 9 risk factors
2025-08-30 21:22:04 - src.core.risk_engine - INFO - Security data loaded
2025-08-30 21:22:04 - src.core.risk_engine - INFO - RiskEngine initialized
2025-08-30 21:22:04 - src.core.risk_engine - INFO - Loaded 9 risk factors
2025-08-30 21:22:04 - src.core.risk_engine - INFO - Security data loaded
2025-08-30 21:22:04 - src.core.risk_engine - INFO - RiskEngine initialized
2025-08-30 21:22:04 - src.core.risk_engine - INFO - Loaded 9 risk factors
2025-08-30 21:22:04 - src.core.risk_engine - INFO - Security data loaded
2025-08-30 21:22:04 - src.core.risk_engine - INFO - RiskEngine initialized
2025-08-30 21:22:04 - src.core.risk_engine - INFO - Loaded 9 risk factors
2025-08-30 21:22:04 - src.core.risk_engine - INFO - Security data loaded
2025-08-30 21:22:04 - src.core.risk_engine - INFO - RiskEngine initialized
2025-08-30 21:22:04 - src.core.risk_engine - INFO - Loaded 9 risk factors
2025-08-30 21:22:04 - src.core.risk_engine - INFO - Security data loaded
2025-08-30 21:22:04 - src.core.risk_engine - INFO - RiskEngine initialized
2025-08-30 21:24:26 - src.core.risk_engine - INFO - Loaded 9 risk factors
2025-08-30 21:24:26 - src.core.risk_engine - INFO - Security data loaded
2025-08-30 21:24:26 - src.core.risk_engine - INFO - RiskEngine initialized
2025-08-30 21:24:26 - src.core.risk_engine - INFO - Loaded 9 risk factors
2025-08-30 21:24:26 - src.core.risk_engine - INFO - Security data loaded
2025-08-30 21:24:26 - src.core.risk_engine - INFO - RiskEngine initialized
2025-08-30 21:24:26 - src.core.risk_engine - INFO - Loaded 9 risk factors
2025-08-30 21:24:26 - src.core.risk_engine - INFO - Security data loaded
2025-08-30 21:24:26 - src.core.risk_engine - INFO - RiskEngine initialized
2025-08-30 21:24:26 - src.core.risk_engine - INFO - Loaded 9 risk factors
2025-08-30 21:24:26 - src.core.risk_engine - INFO - Security data loaded
2025-08-30 21:24:26 - src.core.risk_engine - INFO - RiskEngine initialized
2025-08-30 21:24:26 - src.core.risk_engine - INFO - Loaded 9 risk factors
2025-08-30 21:24:26 - src.core.risk_engine - INFO - Security data loaded
2025-08-30 21:24:26 - src.core.risk_engine - INFO - RiskEngine initialized
2025-08-30 21:24:26 - src.core.risk_engine - INFO - Loaded 9 risk factors
2025-08-30 21:24:26 - src.core.risk_engine - INFO - Security data loaded
2025-08-30 21:24:26 - src.core.risk_engine - INFO - RiskEngine initialized
2025-08-30 21:24:26 - src.core.risk_engine - INFO - Loaded 9 risk factors
2025-08-30 21:24:26 - src.core.risk_engine - INFO - Security data loaded
2025-08-30 21:24:26 - src.core.risk_engine - INFO - RiskEngine initialized
2025-08-30 21:24:26 - src.core.risk_engine - INFO - Loaded 9 risk factors
2025-08-30 21:24:26 - src.core.risk_engine - INFO - Security data loaded
2025-08-30 21:24:26 - src.core.risk_engine - INFO - RiskEngine initialized
2025-08-30 21:24:26 - src.core.risk_engine - INFO - Loaded 9 risk factors
2025-08-30 21:24:26 - src.core.risk_engine - INFO - Security data loaded
2025-08-30 21:24:26 - src.core.risk_engine - INFO - RiskEngine initialized
2025-08-30 21:24:26 - src.core.risk_engine - INFO - Loaded 9 risk factors
2025-08-30 21:24:26 - src.core.risk_engine - INFO - Security data loaded
2025-08-30 21:24:26 - src.core.risk_engine - INFO - RiskEngine initialized
2025-08-30 21:24:26 - src.core.risk_engine - INFO - Loaded 9 risk factors
2025-08-30 21:24:26 - src.core.risk_engine - INFO - Security data loaded
2025-08-30 21:24:26 - src.core.risk_engine - INFO - RiskEngine initialized
2025-08-30 21:24:26 - src.core.risk_engine - INFO - Loaded 9 risk factors
2025-08-30 21:24:26 - src.core.risk_engine - INFO - Security data loaded
2025-08-30 21:24:26 - src.core.risk_engine - INFO - RiskEngine initialized
2025-08-30 21:38:40 - src.core.risk_engine - INFO - Loaded 9 risk factors
2025-08-30 21:38:40 - src.core.risk_engine - INFO - Security data loaded
2025-08-30 21:38:40 - src.core.risk_engine - INFO - RiskEngine initialized
2025-08-30 21:38:40 - src.core.risk_engine - INFO - Loaded 9 risk factors
2025-08-30 21:38:40 - src.core.risk_engine - INFO - Security data loaded
2025-08-30 21:38:40 - src.core.risk_engine - INFO - RiskEngine initialized
2025-08-30 21:38:40 - src.core.risk_engine - INFO - Loaded 9 risk factors
2025-08-30 21:38:40 - src.core.risk_engine - INFO - Security data loaded
2025-08-30 21:38:40 - src.core.risk_engine - INFO - RiskEngine initialized
2025-08-30 21:38:40 - src.core.risk_engine - INFO - Loaded 9 risk factors
2025-08-30 21:38:40 - src.core.risk_engine - INFO - Security data loaded
2025-08-30 21:38:40 - src.core.risk_engine - INFO - RiskEngine initialized
2025-08-30 21:38:40 - src.core.risk_engine - INFO - Loaded 9 risk factors
2025-08-30 21:38:40 - src.core.risk_engine - INFO - Security data loaded
2025-08-30 21:38:40 - src.core.risk_engine - INFO - RiskEngine initialized
2025-08-30 21:38:40 - src.core.risk_engine - INFO - Loaded 9 risk factors
2025-08-30 21:38:40 - src.core.risk_engine - INFO - Security data loaded
2025-08-30 21:38:40 - src.core.risk_engine - INFO - RiskEngine initialized
2025-08-30 21:38:40 - src.core.risk_engine - INFO - Loaded 9 risk factors
2025-08-30 21:38:40 - src.core.risk_engine - INFO - Security data loaded
2025-08-30 21:38:40 - src.core.risk_engine - INFO - RiskEngine initialized
2025-08-30 21:38:40 - src.core.risk_engine - INFO - Loaded 9 risk factors
2025-08-30 21:38:40 - src.core.risk_engine - INFO - Security data loaded
2025-08-30 21:38:40 - src.core.risk_engine - INFO - RiskEngine initialized
2025-08-30 21:38:40 - src.core.risk_engine - INFO - Loaded 9 risk factors
2025-08-30 21:38:40 - src.core.risk_engine - INFO - Security data loaded
2025-08-30 21:38:40 - src.core.risk_engine - INFO - RiskEngine initialized
2025-08-30 21:38:40 - src.core.risk_engine - INFO - Loaded 9 risk factors
2025-08-30 21:38:40 - src.core.risk_engine - INFO - Security data loaded
2025-08-30 21:38:40 - src.core.risk_engine - INFO - RiskEngine initialized
2025-08-30 21:38:40 - src.core.risk_engine - INFO - Loaded 9 risk factors
2025-08-30 21:38:40 - src.core.risk_engine - INFO - Security data loaded
2025-08-30 21:38:40 - src.core.risk_engine - INFO - RiskEngine initialized
2025-08-30 21:38:40 - src.core.risk_engine - INFO - Loaded 9 risk factors
2025-08-30 21:38:40 - src.core.risk_engine - INFO - Security data loaded
2025-08-30 21:38:40 - src.core.risk_engine - INFO - RiskEngine initialized
2025-08-30 21:40:52 - src.core.risk_engine - INFO - Loaded 9 risk factors
2025-08-30 21:40:52 - src.core.risk_engine - INFO - Security data loaded
2025-08-30 21:40:52 - src.core.risk_engine - INFO - RiskEngine initialized
2025-08-30 21:40:53 - src.core.risk_engine - INFO - Loaded 9 risk factors
2025-08-30 21:40:53 - src.core.risk_engine - INFO - Security data loaded
2025-08-30 21:40:53 - src.core.risk_engine - INFO - RiskEngine initialized
2025-08-30 21:40:53 - src.core.risk_engine - INFO - Loaded 9 risk factors
2025-08-30 21:40:53 - src.core.risk_engine - INFO - Security data loaded
2025-08-30 21:40:53 - src.core.risk_engine - INFO - RiskEngine initialized
2025-08-30 21:40:53 - src.core.risk_engine - INFO - Loaded 9 risk factors
2025-08-30 21:40:53 - src.core.risk_engine - INFO - Security data loaded
2025-08-30 21:40:53 - src.core.risk_engine - INFO - RiskEngine initialized
2025-08-30 21:40:53 - src.core.risk_engine - INFO - Loaded 9 risk factors
2025-08-30 21:40:53 - src.core.risk_engine - INFO - Security data loaded
2025-08-30 21:40:53 - src.core.risk_engine - INFO - RiskEngine initialized
2025-08-30 21:40:53 - src.core.risk_engine - INFO - Loaded 9 risk factors
2025-08-30 21:40:53 - src.core.risk_engine - INFO - Security data loaded
2025-08-30 21:40:53 - src.core.risk_engine - INFO - RiskEngine initialized
2025-08-30 21:40:53 - src.core.risk_engine - INFO - Loaded 9 risk factors
2025-08-30 21:40:53 - src.core.risk_engine - INFO - Security data loaded
2025-08-30 21:40:53 - src.core.risk_engine - INFO - RiskEngine initialized
2025-08-30 21:40:53 - src.core.risk_engine - INFO - Loaded 9 risk factors
2025-08-30 21:40:53 - src.core.risk_engine - INFO - Security data loaded
2025-08-30 21:40:53 - src.core.risk_engine - INFO - RiskEngine initialized
2025-08-30 21:40:53 - src.core.risk_engine - INFO - Loaded 9 risk factors
2025-08-30 21:40:53 - src.core.risk_engine - INFO - Security data loaded
2025-08-30 21:40:53 - src.core.risk_engine - INFO - RiskEngine initialized
2025-08-30 21:40:53 - src.core.risk_engine - INFO - Loaded 9 risk factors
2025-08-30 21:40:53 - src.core.risk_engine - INFO - Security data loaded
2025-08-30 21:40:53 - src.core.risk_engine - INFO - RiskEngine initialized
2025-08-30 21:40:53 - src.core.risk_engine - INFO - Loaded 9 risk factors
2025-08-30 21:40:53 - src.core.risk_engine - INFO - Security data loaded
2025-08-30 21:40:53 - src.core.risk_engine - INFO - RiskEngine initialized
2025-08-30 21:40:53 - src.core.risk_engine - INFO - Loaded 9 risk factors
2025-08-30 21:40:53 - src.core.risk_engine - INFO - Security data loaded
2025-08-30 21:40:53 - src.core.risk_engine - INFO - RiskEngine initialized
2025-08-30 21:42:14 - src.core.risk_engine - INFO - Loaded 9 risk factors
2025-08-30 21:42:14 - src.core.risk_engine - INFO - Security data loaded
2025-08-30 21:42:14 - src.core.risk_engine - INFO - RiskEngine initialized
2025-08-30 21:42:14 - src.core.risk_engine - INFO - Loaded 9 risk factors
2025-08-30 21:42:14 - src.core.risk_engine - INFO - Security data loaded
2025-08-30 21:42:14 - src.core.risk_engine - INFO - RiskEngine initialized
2025-08-30 21:42:14 - src.core.risk_engine - INFO - Loaded 9 risk factors
2025-08-30 21:42:14 - src.core.risk_engine - INFO - Security data loaded
2025-08-30 21:42:14 - src.core.risk_engine - INFO - RiskEngine initialized
2025-08-30 21:42:14 - src.core.risk_engine - INFO - Loaded 9 risk factors
2025-08-30 21:42:14 - src.core.risk_engine - INFO - Security data loaded
2025-08-30 21:42:14 - src.core.risk_engine - INFO - RiskEngine initialized
2025-08-30 21:42:14 - src.core.risk_engine - INFO - Loaded 9 risk factors
2025-08-30 21:42:14 - src.core.risk_engine - INFO - Security data loaded
2025-08-30 21:42:14 - src.core.risk_engine - INFO - RiskEngine initialized
2025-08-30 21:42:14 - src.core.risk_engine - INFO - Loaded 9 risk factors
2025-08-30 21:42:14 - src.core.risk_engine - INFO - Security data loaded
2025-08-30 21:42:14 - src.core.risk_engine - INFO - RiskEngine initialized
2025-08-30 21:42:14 - src.core.risk_engine - INFO - Loaded 9 risk factors
2025-08-30 21:42:14 - src.core.risk_engine - INFO - Security data loaded
2025-08-30 21:42:14 - src.core.risk_engine - INFO - RiskEngine initialized
2025-08-30 21:42:14 - src.core.risk_engine - INFO - Loaded 9 risk factors
2025-08-30 21:42:14 - src.core.risk_engine - INFO - Security data loaded
2025-08-30 21:42:14 - src.core.risk_engine - INFO - RiskEngine initialized
2025-08-30 21:42:14 - src.core.risk_engine - INFO - Loaded 9 risk factors
2025-08-30 21:42:14 - src.core.risk_engine - INFO - Security data loaded
2025-08-30 21:42:14 - src.core.risk_engine - INFO - RiskEngine initialized
2025-08-30 21:42:14 - src.core.risk_engine - INFO - Loaded 9 risk factors
2025-08-30 21:42:14 - src.core.risk_engine - INFO - Security data loaded
2025-08-30 21:42:14 - src.core.risk_engine - INFO - RiskEngine initialized
2025-08-30 21:42:14 - src.core.risk_engine - INFO - Loaded 9 risk factors
2025-08-30 21:42:14 - src.core.risk_engine - INFO - Security data loaded
2025-08-30 21:42:14 - src.core.risk_engine - INFO - RiskEngine initialized
2025-08-30 21:42:14 - src.core.risk_engine - INFO - Loaded 9 risk factors
2025-08-30 21:42:14 - src.core.risk_engine - INFO - Security data loaded
2025-08-30 21:42:14 - src.core.risk_engine - INFO - RiskEngine initialized
2025-08-30 21:42:36 - src.core.risk_engine - INFO - Loaded 9 risk factors
2025-08-30 21:42:36 - src.core.risk_engine - INFO - Security data loaded
2025-08-30 21:42:36 - src.core.risk_engine - INFO - RiskEngine initialized
2025-08-30 21:42:36 - src.core.risk_engine - INFO - Loaded 9 risk factors
2025-08-30 21:42:36 - src.core.risk_engine - INFO - Security data loaded
2025-08-30 21:42:36 - src.core.risk_engine - INFO - RiskEngine initialized
2025-08-30 21:42:36 - src.core.risk_engine - INFO - Loaded 9 risk factors
2025-08-30 21:42:36 - src.core.risk_engine - INFO - Security data loaded
2025-08-30 21:42:36 - src.core.risk_engine - INFO - RiskEngine initialized
2025-08-30 21:42:36 - src.core.risk_engine - INFO - Loaded 9 risk factors
2025-08-30 21:42:36 - src.core.risk_engine - INFO - Security data loaded
2025-08-30 21:42:36 - src.core.risk_engine - INFO - RiskEngine initialized
2025-08-30 21:42:36 - src.core.risk_engine - INFO - Loaded 9 risk factors
2025-08-30 21:42:36 - src.core.risk_engine - INFO - Security data loaded
2025-08-30 21:42:36 - src.core.risk_engine - INFO - RiskEngine initialized
2025-08-30 21:42:36 - src.core.risk_engine - INFO - Loaded 9 risk factors
2025-08-30 21:42:36 - src.core.risk_engine - INFO - Security data loaded
2025-08-30 21:42:36 - src.core.risk_engine - INFO - RiskEngine initialized
2025-08-30 21:42:36 - src.core.risk_engine - INFO - Loaded 9 risk factors
2025-08-30 21:42:36 - src.core.risk_engine - INFO - Security data loaded
2025-08-30 21:42:36 - src.core.risk_engine - INFO - RiskEngine initialized
2025-08-30 21:42:36 - src.core.risk_engine - INFO - Loaded 9 risk factors
2025-08-30 21:42:36 - src.core.risk_engine - INFO - Security data loaded
2025-08-30 21:42:36 - src.core.risk_engine - INFO - RiskEngine initialized
2025-08-30 21:42:36 - src.core.risk_engine - INFO - Loaded 9 risk factors
2025-08-30 21:42:36 - src.core.risk_engine - INFO - Security data loaded
2025-08-30 21:42:36 - src.core.risk_engine - INFO - RiskEngine initialized
2025-08-30 21:42:36 - src.core.risk_engine - INFO - Loaded 9 risk factors
2025-08-30 21:42:36 - src.core.risk_engine - INFO - Security data loaded
2025-08-30 21:42:36 - src.core.risk_engine - INFO - RiskEngine initialized
2025-08-30 21:42:36 - src.core.risk_engine - INFO - Loaded 9 risk factors
2025-08-30 21:42:36 - src.core.risk_engine - INFO - Security data loaded
2025-08-30 21:42:36 - src.core.risk_engine - INFO - RiskEngine initialized
2025-08-30 21:42:36 - src.core.risk_engine - INFO - Loaded 9 risk factors
2025-08-30 21:42:36 - src.core.risk_engine - INFO - Security data loaded
2025-08-30 21:42:36 - src.core.risk_engine - INFO - RiskEngine initialized
2025-08-30 21:43:59 - src.core.risk_engine - INFO - Loaded 9 risk factors
2025-08-30 21:43:59 - src.core.risk_engine - INFO - Security data loaded
2025-08-30 21:43:59 - src.core.risk_engine - INFO - RiskEngine initialized
2025-08-30 21:44:08 - src.core.risk_engine - INFO - Loaded 9 risk factors
2025-08-30 21:44:08 - src.core.risk_engine - INFO - Security data loaded
2025-08-30 21:44:08 - src.core.risk_engine - INFO - RiskEngine initialized
2025-08-30 21:44:08 - src.core.risk_engine - INFO - Loaded 9 risk factors
2025-08-30 21:44:08 - src.core.risk_engine - INFO - Security data loaded
2025-08-30 21:44:08 - src.core.risk_engine - INFO - RiskEngine initialized
2025-08-30 21:44:08 - src.core.risk_engine - INFO - Loaded 9 risk factors
2025-08-30 21:44:08 - src.core.risk_engine - INFO - Security data loaded
2025-08-30 21:44:08 - src.core.risk_engine - INFO - RiskEngine initialized
2025-08-30 21:44:08 - src.core.risk_engine - INFO - Loaded 9 risk factors
2025-08-30 21:44:08 - src.core.risk_engine - INFO - Security data loaded
2025-08-30 21:44:08 - src.core.risk_engine - INFO - RiskEngine initialized
2025-08-30 21:44:08 - src.core.risk_engine - INFO - Loaded 9 risk factors
2025-08-30 21:44:08 - src.core.risk_engine - INFO - Security data loaded
2025-08-30 21:44:08 - src.core.risk_engine - INFO - RiskEngine initialized
2025-08-30 21:44:08 - src.core.risk_engine - INFO - Loaded 9 risk factors
2025-08-30 21:44:08 - src.core.risk_engine - INFO - Security data loaded
2025-08-30 21:44:08 - src.core.risk_engine - INFO - RiskEngine initialized
2025-08-30 21:44:08 - src.core.risk_engine - INFO - Loaded 9 risk factors
2025-08-30 21:44:08 - src.core.risk_engine - INFO - Security data loaded
2025-08-30 21:44:08 - src.core.risk_engine - INFO - RiskEngine initialized
2025-08-30 21:44:08 - src.core.risk_engine - INFO - Loaded 9 risk factors
2025-08-30 21:44:08 - src.core.risk_engine - INFO - Security data loaded
2025-08-30 21:44:08 - src.core.risk_engine - INFO - RiskEngine initialized
2025-08-30 21:44:08 - src.core.risk_engine - INFO - Loaded 9 risk factors
2025-08-30 21:44:08 - src.core.risk_engine - INFO - Security data loaded
2025-08-30 21:44:08 - src.core.risk_engine - INFO - RiskEngine initialized
2025-08-30 21:44:08 - src.core.risk_engine - INFO - Loaded 9 risk factors
2025-08-30 21:44:08 - src.core.risk_engine - INFO - Security data loaded
2025-08-30 21:44:08 - src.core.risk_engine - INFO - RiskEngine initialized
2025-08-30 21:44:08 - src.core.risk_engine - INFO - Loaded 9 risk factors
2025-08-30 21:44:08 - src.core.risk_engine - INFO - Security data loaded
2025-08-30 21:44:08 - src.core.risk_engine - INFO - RiskEngine initialized
2025-08-30 21:44:08 - src.core.risk_engine - INFO - Loaded 9 risk factors
2025-08-30 21:44:08 - src.core.risk_engine - INFO - Security data loaded
2025-08-30 21:44:08 - src.core.risk_engine - INFO - RiskEngine initialized
2025-08-30 21:44:37 - src.core.risk_engine - INFO - Loaded 9 risk factors
2025-08-30 21:44:37 - src.core.risk_engine - INFO - Security data loaded
2025-08-30 21:44:37 - src.core.risk_engine - INFO - RiskEngine initialized
2025-08-30 21:44:37 - src.core.risk_engine - INFO - Loaded 9 risk factors
2025-08-30 21:44:37 - src.core.risk_engine - INFO - Security data loaded
2025-08-30 21:44:37 - src.core.risk_engine - INFO - RiskEngine initialized
2025-08-30 21:44:37 - src.core.risk_engine - INFO - Loaded 9 risk factors
2025-08-30 21:44:37 - src.core.risk_engine - INFO - Security data loaded
2025-08-30 21:44:37 - src.core.risk_engine - INFO - RiskEngine initialized
2025-08-30 21:44:37 - src.core.risk_engine - INFO - Loaded 9 risk factors
2025-08-30 21:44:37 - src.core.risk_engine - INFO - Security data loaded
2025-08-30 21:44:37 - src.core.risk_engine - INFO - RiskEngine initialized
2025-08-30 21:44:37 - src.core.risk_engine - INFO - Loaded 9 risk factors
2025-08-30 21:44:37 - src.core.risk_engine - INFO - Security data loaded
2025-08-30 21:44:37 - src.core.risk_engine - INFO - RiskEngine initialized
2025-08-30 21:44:37 - src.core.risk_engine - INFO - Loaded 9 risk factors
2025-08-30 21:44:37 - src.core.risk_engine - INFO - Security data loaded
2025-08-30 21:44:37 - src.core.risk_engine - INFO - RiskEngine initialized
2025-08-30 21:44:37 - src.core.risk_engine - INFO - Loaded 9 risk factors
2025-08-30 21:44:37 - src.core.risk_engine - INFO - Security data loaded
2025-08-30 21:44:37 - src.core.risk_engine - INFO - RiskEngine initialized
2025-08-30 21:44:37 - src.core.risk_engine - INFO - Loaded 9 risk factors
2025-08-30 21:44:37 - src.core.risk_engine - INFO - Security data loaded
2025-08-30 21:44:37 - src.core.risk_engine - INFO - RiskEngine initialized
2025-08-30 21:44:37 - src.core.risk_engine - INFO - Loaded 9 risk factors
2025-08-30 21:44:37 - src.core.risk_engine - INFO - Security data loaded
2025-08-30 21:44:37 - src.core.risk_engine - INFO - RiskEngine initialized
2025-08-30 21:44:37 - src.core.risk_engine - INFO - Loaded 9 risk factors
2025-08-30 21:44:37 - src.core.risk_engine - INFO - Security data loaded
2025-08-30 21:44:37 - src.core.risk_engine - INFO - RiskEngine initialized
2025-08-30 21:44:37 - src.core.risk_engine - INFO - Loaded 9 risk factors
2025-08-30 21:44:37 - src.core.risk_engine - INFO - Security data loaded
2025-08-30 21:44:37 - src.core.risk_engine - INFO - RiskEngine initialized
2025-08-30 21:44:37 - src.core.risk_engine - INFO - Loaded 9 risk factors
2025-08-30 21:44:37 - src.core.risk_engine - INFO - Security data loaded
2025-08-30 21:44:37 - src.core.risk_engine - INFO - RiskEngine initialized
2025-08-30 21:45:29 - src.core.risk_engine - INFO - Loaded 9 risk factors
2025-08-30 21:45:29 - src.core.risk_engine - INFO - Security data loaded
2025-08-30 21:45:29 - src.core.risk_engine - INFO - RiskEngine initialized
2025-08-30 21:45:29 - src.core.risk_engine - INFO - Risk assessment completed: level=low, score=0.00
2025-08-30 21:45:29 - src.core.risk_engine - INFO - Loaded 9 risk factors
2025-08-30 21:45:29 - src.core.risk_engine - INFO - Security data loaded
2025-08-30 21:45:29 - src.core.risk_engine - INFO - RiskEngine initialized
2025-08-30 21:45:29 - src.core.risk_engine - INFO - Risk assessment completed: level=low, score=0.00
2025-08-30 21:45:29 - src.core.risk_engine - INFO - Loaded 9 risk factors
2025-08-30 21:45:29 - src.core.risk_engine - INFO - Security data loaded
2025-08-30 21:45:29 - src.core.risk_engine - INFO - RiskEngine initialized
2025-08-30 21:45:29 - src.core.risk_engine - INFO - Risk assessment completed: level=high, score=0.70
2025-08-30 21:45:29 - src.core.risk_engine - INFO - Loaded 9 risk factors
2025-08-30 21:45:29 - src.core.risk_engine - INFO - Security data loaded
2025-08-30 21:45:29 - src.core.risk_engine - INFO - RiskEngine initialized
2025-08-30 21:45:29 - src.core.risk_engine - INFO - Risk assessment completed: level=low, score=0.00
2025-08-30 21:45:29 - src.core.risk_engine - INFO - Loaded 9 risk factors
2025-08-30 21:45:29 - src.core.risk_engine - INFO - Security data loaded
2025-08-30 21:45:29 - src.core.risk_engine - INFO - RiskEngine initialized
2025-08-30 21:45:29 - src.core.risk_engine - INFO - Risk assessment completed: level=low, score=0.00
2025-08-30 21:45:29 - src.core.risk_engine - INFO - Loaded 9 risk factors
2025-08-30 21:45:29 - src.core.risk_engine - INFO - Security data loaded
2025-08-30 21:45:29 - src.core.risk_engine - INFO - RiskEngine initialized
2025-08-30 21:45:29 - src.core.risk_engine - INFO - Risk assessment completed: level=low, score=0.00
2025-08-30 21:45:29 - src.core.risk_engine - INFO - Loaded 9 risk factors
2025-08-30 21:45:29 - src.core.risk_engine - INFO - Security data loaded
2025-08-30 21:45:29 - src.core.risk_engine - INFO - RiskEngine initialized
2025-08-30 21:45:29 - src.core.risk_engine - INFO - Risk assessment completed: level=low, score=0.00
2025-08-30 21:45:29 - src.core.risk_engine - INFO - Risk assessment completed: level=low, score=0.00
2025-08-30 21:45:29 - src.core.risk_engine - INFO - Loaded 9 risk factors
2025-08-30 21:45:29 - src.core.risk_engine - INFO - Security data loaded
2025-08-30 21:45:29 - src.core.risk_engine - INFO - RiskEngine initialized
2025-08-30 21:45:29 - src.core.risk_engine - INFO - Risk assessment completed: level=low, score=0.00
2025-08-30 21:45:29 - src.core.risk_engine - INFO - Risk assessment completed: level=low, score=0.00
2025-08-30 21:45:29 - src.core.risk_engine - INFO - Risk assessment completed: level=low, score=0.00
2025-08-30 21:45:29 - src.core.risk_engine - INFO - Loaded 9 risk factors
2025-08-30 21:45:29 - src.core.risk_engine - INFO - Security data loaded
2025-08-30 21:45:29 - src.core.risk_engine - INFO - RiskEngine initialized
2025-08-30 21:45:29 - src.core.risk_engine - INFO - Loaded 9 risk factors
2025-08-30 21:45:29 - src.core.risk_engine - INFO - Security data loaded
2025-08-30 21:45:29 - src.core.risk_engine - INFO - RiskEngine initialized
2025-08-30 21:45:29 - src.core.risk_engine - INFO - Loaded 9 risk factors
2025-08-30 21:45:29 - src.core.risk_engine - INFO - Security data loaded
2025-08-30 21:45:29 - src.core.risk_engine - INFO - RiskEngine initialized
2025-08-30 21:45:29 - src.core.risk_engine - INFO - Risk assessment completed: level=low, score=0.00
2025-08-30 21:45:29 - src.core.risk_engine - INFO - Loaded 9 risk factors
2025-08-30 21:45:29 - src.core.risk_engine - INFO - Security data loaded
2025-08-30 21:45:29 - src.core.risk_engine - INFO - RiskEngine initialized
2025-08-30 21:45:29 - src.core.risk_engine - INFO - Risk assessment completed: level=low, score=0.00
2025-08-30 21:47:05 - src.core.risk_engine - INFO - Loaded 9 risk factors
2025-08-30 21:47:05 - src.core.risk_engine - INFO - Security data loaded
2025-08-30 21:47:05 - src.core.risk_engine - INFO - RiskEngine initialized
2025-08-30 21:47:05 - src.core.risk_engine - INFO - Risk assessment completed: level=low, score=0.00
2025-08-30 21:47:37 - src.core.risk_engine - INFO - Loaded 9 risk factors
2025-08-30 21:47:37 - src.core.risk_engine - INFO - Security data loaded
2025-08-30 21:47:37 - src.core.risk_engine - INFO - RiskEngine initialized
2025-08-30 21:49:05 - src.core.risk_engine - INFO - Loaded 9 risk factors
2025-08-30 21:49:05 - src.core.risk_engine - INFO - Security data loaded
2025-08-30 21:49:05 - src.core.risk_engine - INFO - RiskEngine initialized
2025-08-30 21:50:07 - src.core.risk_engine - INFO - Loaded 9 risk factors
2025-08-30 21:50:07 - src.core.risk_engine - INFO - Security data loaded
2025-08-30 21:50:07 - src.core.risk_engine - INFO - RiskEngine initialized
2025-08-30 21:50:07 - src.core.risk_engine - INFO - Risk assessment completed: level=low, score=0.00
2025-08-30 21:50:57 - src.core.risk_engine - INFO - Loaded 9 risk factors
2025-08-30 21:50:57 - src.core.risk_engine - INFO - Security data loaded
2025-08-30 21:50:57 - src.core.risk_engine - INFO - RiskEngine initialized
2025-08-30 21:50:57 - src.core.risk_engine - INFO - Risk assessment completed: level=low, score=0.00
2025-08-30 21:52:12 - src.core.risk_engine - INFO - Loaded 9 risk factors
2025-08-30 21:52:12 - src.core.risk_engine - INFO - Security data loaded
2025-08-30 21:52:12 - src.core.risk_engine - INFO - RiskEngine initialized
2025-08-30 21:52:12 - src.core.risk_engine - INFO - Risk assessment completed: level=low, score=0.00
2025-08-30 21:52:47 - src.core.risk_engine - INFO - Loaded 9 risk factors
2025-08-30 21:52:47 - src.core.risk_engine - INFO - Security data loaded
2025-08-30 21:52:47 - src.core.risk_engine - INFO - RiskEngine initialized
2025-08-30 21:52:47 - src.core.risk_engine - INFO - Risk assessment completed: level=low, score=0.00
2025-08-30 21:54:01 - src.core.risk_engine - INFO - Loaded 9 risk factors
2025-08-30 21:54:01 - src.core.risk_engine - INFO - Security data loaded
2025-08-30 21:54:01 - src.core.risk_engine - INFO - RiskEngine initialized
2025-08-30 21:54:01 - src.core.risk_engine - INFO - Risk assessment completed: level=low, score=0.00
2025-08-30 21:55:52 - src.core.risk_engine - INFO - Loaded 9 risk factors
2025-08-30 21:55:52 - src.core.risk_engine - INFO - Security data loaded
2025-08-30 21:55:52 - src.core.risk_engine - INFO - RiskEngine initialized
2025-08-30 21:55:52 - src.core.risk_engine - INFO - Loaded 9 risk factors
2025-08-30 21:55:52 - src.core.risk_engine - INFO - Security data loaded
2025-08-30 21:55:52 - src.core.risk_engine - INFO - RiskEngine initialized
2025-08-30 21:55:53 - src.core.risk_engine - INFO - Loaded 9 risk factors
2025-08-30 21:55:53 - src.core.risk_engine - INFO - Security data loaded
2025-08-30 21:55:53 - src.core.risk_engine - INFO - RiskEngine initialized
2025-08-30 21:55:53 - src.core.risk_engine - INFO - Loaded 9 risk factors
2025-08-30 21:55:53 - src.core.risk_engine - INFO - Security data loaded
2025-08-30 21:55:53 - src.core.risk_engine - INFO - RiskEngine initialized
2025-08-30 21:55:53 - src.core.risk_engine - INFO - Loaded 9 risk factors
2025-08-30 21:55:53 - src.core.risk_engine - INFO - Security data loaded
2025-08-30 21:55:53 - src.core.risk_engine - INFO - RiskEngine initialized
2025-08-30 21:55:53 - src.core.risk_engine - INFO - Loaded 9 risk factors
2025-08-30 21:55:53 - src.core.risk_engine - INFO - Security data loaded
2025-08-30 21:55:53 - src.core.risk_engine - INFO - RiskEngine initialized
2025-08-30 21:55:53 - src.core.risk_engine - INFO - Loaded 9 risk factors
2025-08-30 21:55:53 - src.core.risk_engine - INFO - Security data loaded
2025-08-30 21:55:53 - src.core.risk_engine - INFO - RiskEngine initialized
2025-08-30 21:55:53 - src.core.risk_engine - INFO - Loaded 9 risk factors
2025-08-30 21:55:53 - src.core.risk_engine - INFO - Security data loaded
2025-08-30 21:55:53 - src.core.risk_engine - INFO - RiskEngine initialized
2025-08-30 21:55:53 - src.core.risk_engine - INFO - Loaded 9 risk factors
2025-08-30 21:55:53 - src.core.risk_engine - INFO - Security data loaded
2025-08-30 21:55:53 - src.core.risk_engine - INFO - RiskEngine initialized
2025-08-30 21:55:53 - src.core.risk_engine - INFO - Loaded 9 risk factors
2025-08-30 21:55:53 - src.core.risk_engine - INFO - Security data loaded
2025-08-30 21:55:53 - src.core.risk_engine - INFO - RiskEngine initialized
2025-08-30 21:55:53 - src.core.risk_engine - INFO - Loaded 9 risk factors
2025-08-30 21:55:53 - src.core.risk_engine - INFO - Security data loaded
2025-08-30 21:55:53 - src.core.risk_engine - INFO - RiskEngine initialized
2025-08-30 21:55:53 - src.core.risk_engine - INFO - Loaded 9 risk factors
2025-08-30 21:55:53 - src.core.risk_engine - INFO - Security data loaded
2025-08-30 21:55:53 - src.core.risk_engine - INFO - RiskEngine initialized
2025-08-30 21:56:47 - src.core.risk_engine - INFO - Loaded 9 risk factors
2025-08-30 21:56:47 - src.core.risk_engine - INFO - Security data loaded
2025-08-30 21:56:47 - src.core.risk_engine - INFO - RiskEngine initialized
2025-08-30 21:57:09 - src.core.risk_engine - INFO - Loaded 9 risk factors
2025-08-30 21:57:09 - src.core.risk_engine - INFO - Security data loaded
2025-08-30 21:57:09 - src.core.risk_engine - INFO - RiskEngine initialized
2025-08-30 21:57:09 - src.core.risk_engine - INFO - Risk assessment completed: level=low, score=0.00
2025-08-30 21:57:19 - src.core.risk_engine - INFO - Loaded 9 risk factors
2025-08-30 21:57:19 - src.core.risk_engine - INFO - Security data loaded
2025-08-30 21:57:19 - src.core.risk_engine - INFO - RiskEngine initialized
2025-08-30 21:57:19 - src.core.risk_engine - INFO - Risk assessment completed: level=low, score=0.00
2025-08-30 21:57:19 - src.core.risk_engine - INFO - Loaded 9 risk factors
2025-08-30 21:57:19 - src.core.risk_engine - INFO - Security data loaded
2025-08-30 21:57:19 - src.core.risk_engine - INFO - RiskEngine initialized
2025-08-30 21:57:19 - src.core.risk_engine - INFO - Risk assessment completed: level=low, score=0.00
2025-08-30 21:57:20 - src.core.risk_engine - INFO - Loaded 9 risk factors
2025-08-30 21:57:20 - src.core.risk_engine - INFO - Security data loaded
2025-08-30 21:57:20 - src.core.risk_engine - INFO - RiskEngine initialized
2025-08-30 21:57:20 - src.core.risk_engine - INFO - Risk assessment completed: level=low, score=0.00
2025-08-30 21:57:20 - src.core.risk_engine - INFO - Loaded 9 risk factors
2025-08-30 21:57:20 - src.core.risk_engine - INFO - Security data loaded
2025-08-30 21:57:20 - src.core.risk_engine - INFO - RiskEngine initialized
2025-08-30 21:57:20 - src.core.risk_engine - INFO - Risk assessment completed: level=low, score=0.00
2025-08-30 21:57:20 - src.core.risk_engine - INFO - Loaded 9 risk factors
2025-08-30 21:57:20 - src.core.risk_engine - INFO - Security data loaded
2025-08-30 21:57:20 - src.core.risk_engine - INFO - RiskEngine initialized
2025-08-30 21:57:20 - src.core.risk_engine - INFO - Risk assessment completed: level=low, score=0.00
2025-08-30 21:57:20 - src.core.risk_engine - INFO - Loaded 9 risk factors
2025-08-30 21:57:20 - src.core.risk_engine - INFO - Security data loaded
2025-08-30 21:57:20 - src.core.risk_engine - INFO - RiskEngine initialized
2025-08-30 21:57:20 - src.core.risk_engine - INFO - Risk assessment completed: level=low, score=0.00
2025-08-30 21:57:20 - src.core.risk_engine - INFO - Loaded 9 risk factors
2025-08-30 21:57:20 - src.core.risk_engine - INFO - Security data loaded
2025-08-30 21:57:20 - src.core.risk_engine - INFO - RiskEngine initialized
2025-08-30 21:57:20 - src.core.risk_engine - INFO - Risk assessment completed: level=low, score=0.00
2025-08-30 21:57:20 - src.core.risk_engine - INFO - Risk assessment completed: level=low, score=0.00
2025-08-30 21:57:20 - src.core.risk_engine - INFO - Loaded 9 risk factors
2025-08-30 21:57:20 - src.core.risk_engine - INFO - Security data loaded
2025-08-30 21:57:20 - src.core.risk_engine - INFO - RiskEngine initialized
2025-08-30 21:57:20 - src.core.risk_engine - INFO - Risk assessment completed: level=low, score=0.00
2025-08-30 21:57:20 - src.core.risk_engine - INFO - Risk assessment completed: level=low, score=0.00
2025-08-30 21:57:20 - src.core.risk_engine - INFO - Risk assessment completed: level=low, score=0.00
2025-08-30 21:57:20 - src.core.risk_engine - INFO - Loaded 9 risk factors
2025-08-30 21:57:20 - src.core.risk_engine - INFO - Security data loaded
2025-08-30 21:57:20 - src.core.risk_engine - INFO - RiskEngine initialized
2025-08-30 21:57:20 - src.core.risk_engine - INFO - Loaded 9 risk factors
2025-08-30 21:57:20 - src.core.risk_engine - INFO - Security data loaded
2025-08-30 21:57:20 - src.core.risk_engine - INFO - RiskEngine initialized
2025-08-30 21:57:20 - src.core.risk_engine - INFO - Loaded 9 risk factors
2025-08-30 21:57:20 - src.core.risk_engine - INFO - Security data loaded
2025-08-30 21:57:20 - src.core.risk_engine - INFO - RiskEngine initialized
2025-08-30 21:57:20 - src.core.risk_engine - INFO - Risk assessment completed: level=low, score=0.00
2025-08-30 21:57:20 - src.core.risk_engine - INFO - Loaded 9 risk factors
2025-08-30 21:57:20 - src.core.risk_engine - INFO - Security data loaded
2025-08-30 21:57:20 - src.core.risk_engine - INFO - RiskEngine initialized
2025-08-30 21:57:20 - src.core.risk_engine - INFO - Risk assessment completed: level=low, score=0.00
